2021-01-26 21:04:15
_PTHREADS is not defined ! -- /home/web/myWebServer/myWebServer/net/Main.cpp:43
2021-01-26 21:05:25
_PTHREADS is not defined ! -- /home/web/myWebServer/myWebServer/net/Main.cpp:43
2021-01-26 21:06:03
_PTHREADS is not defined ! -- /home/web/myWebServer/myWebServer/net/Main.cpp:43
2021-01-26 21:14:12
_PTHREADS is not defined ! -- /home/web/myWebServer/myWebServer/net/Main.cpp:43
2021-01-26 21:20:29
_PTHREADS is not defined ! -- /home/web/myWebServer/myWebServer/net/Main.cpp:43
2021-01-26 21:20:29
1 -- /home/web/myWebServer/myWebServer/net/EventLoop.h:34
2021-01-26 21:22:10
_PTHREADS is not defined ! -- /home/web/myWebServer/myWebServer/net/Main.cpp:43
2021-01-26 21:22:10
1 -- /home/web/myWebServer/myWebServer/net/EventLoop.h:34
2021-01-26 21:25:38
_PTHREADS is not defined ! -- /home/web/myWebServer/myWebServer/net/Main.cpp:43
2021-01-26 21:25:38
1 -- /home/web/myWebServer/myWebServer/net/EventLoop.h:34
2021-01-26 21:26:24
_PTHREADS is not defined ! -- /home/web/myWebServer/myWebServer/net/Main.cpp:43
2021-01-26 21:26:24
1 -- /home/web/myWebServer/myWebServer/net/EventLoop.h:34
2021-01-27 09:44:52
_PTHREADS is not defined ! -- /home/web/myWebServer/myWebServer/net/Main.cpp:43
2021-01-27 09:44:52
1 -- /home/web/myWebServer/myWebServer/net/EventLoop.h:34
2021-01-27 09:45:29
_PTHREADS is not defined ! -- /home/web/myWebServer/myWebServer/net/Main.cpp:43
2021-01-27 09:45:29
1 -- /home/web/myWebServer/myWebServer/net/EventLoop.h:34
2021-01-27 10:03:16
_PTHREADS is not defined ! -- /home/web/myWebServer/myWebServer/net/Main.cpp:43
2021-01-27 10:03:16
1 -- /home/web/myWebServer/myWebServer/net/EventLoop.h:34
2021-01-27 10:03:59
_PTHREADS is not defined ! -- /home/web/myWebServer/myWebServer/net/Main.cpp:43
2021-01-27 10:03:59
1 -- /home/web/myWebServer/myWebServer/net/EventLoop.h:34
2021-01-27 10:10:11
_PTHREADS is not defined ! -- /home/web/myWebServer/myWebServer/net/Main.cpp:43
2021-01-27 10:10:11
1 -- /home/web/myWebServer/myWebServer/net/EventLoop.h:34
2021-01-27 10:10:18
1 -- /home/web/myWebServer/myWebServer/net/EventLoop.h:34
2021-01-27 10:10:18
1 -- /home/web/myWebServer/myWebServer/net/ThreadPool.cpp:40
2021-01-27 10:10:18
New connection from 127.0.0.1:60584 -- /home/web/myWebServer/myWebServer/net/Listenfd.cpp:24
2021-01-27 10:10:18
1 -- /home/web/myWebServer/myWebServer/net/EventLoop.h:34
2021-01-27 10:10:18
1 -- /home/web/myWebServer/myWebServer/net/ThreadPool.cpp:40
2021-01-27 10:10:18
New connection from 127.0.0.1:60586 -- /home/web/myWebServer/myWebServer/net/Listenfd.cpp:24
